0 verbose cli /usr/local/bin/node /usr/local/bin/npm
1 info using npm@10.9.3
2 info using node@v22.19.0
3 silly config load:file:/usr/local/lib/node_modules/npm/npmrc
4 silly config load:file:/Users/techieconso/restaurant-inventory/.npmrc
5 silly config load:file:/Users/techieconso/.npmrc
6 silly config load:file:/usr/local/etc/npmrc
7 verbose title npm install react-joyride
8 verbose argv "install" "react-joyride" "--cache" "./.npm-cache"
9 verbose logfile logs-max:10 dir:/Users/techieconso/restaurant-inventory/.npm-cache/_logs/2025-12-09T10_53_06_210Z-
10 verbose logfile /Users/techieconso/restaurant-inventory/.npm-cache/_logs/2025-12-09T10_53_06_210Z-debug-0.log
11 silly logfile done cleaning log files
12 silly packumentCache heap:4345298944 maxSize:1086324736 maxEntrySize:543162368
13 silly idealTree buildDeps
14 silly fetch manifest react-joyride@*
15 silly packumentCache full:https://registry.npmjs.org/react-joyride cache-miss
16 http fetch GET 200 https://registry.npmjs.org/react-joyride 1636ms (cache miss)
17 silly packumentCache full:https://registry.npmjs.org/react-joyride set size:undefined disposed:false
18 silly fetch manifest react@19.2.0
19 silly packumentCache full:https://registry.npmjs.org/react cache-miss
20 http fetch GET 200 https://registry.npmjs.org/react 1904ms (cache miss)
21 silly packumentCache full:https://registry.npmjs.org/react set size:undefined disposed:false
22 silly fetch manifest react@15 - 18
23 silly packumentCache full:https://registry.npmjs.org/react cache-miss
24 http cache https://registry.npmjs.org/react 11ms (cache hit)
25 silly packumentCache full:https://registry.npmjs.org/react set size:6312756 disposed:false
26 verbose stack Error: unable to resolve dependency tree
26 verbose stack     at #failPeerConflict (/usr/local/lib/node_modules/npm/node_modules/@npmcli/arborist/lib/arborist/build-ideal-tree.js:1363:25)
26 verbose stack     at #loadPeerSet (/usr/local/lib/node_modules/npm/node_modules/@npmcli/arborist/lib/arborist/build-ideal-tree.js:1329:33)
26 verbose stack     at async #buildDepStep (/usr/local/lib/node_modules/npm/node_modules/@npmcli/arborist/lib/arborist/build-ideal-tree.js:904:11)
26 verbose stack     at async Arborist.buildIdealTree (/usr/local/lib/node_modules/npm/node_modules/@npmcli/arborist/lib/arborist/build-ideal-tree.js:181:7)
26 verbose stack     at async Promise.all (index 1)
26 verbose stack     at async Arborist.reify (/usr/local/lib/node_modules/npm/node_modules/@npmcli/arborist/lib/arborist/reify.js:131:5)
26 verbose stack     at async Install.exec (/usr/local/lib/node_modules/npm/lib/commands/install.js:150:5)
26 verbose stack     at async Npm.exec (/usr/local/lib/node_modules/npm/lib/npm.js:207:9)
26 verbose stack     at async module.exports (/usr/local/lib/node_modules/npm/lib/cli/entry.js:74:5)
27 error code ERESOLVE
28 error ERESOLVE unable to resolve dependency tree
29 error
30 error While resolving: restaurant-inventory@0.1.0
30 error Found: react@19.2.0
30 error node_modules/react
30 error   react@"19.2.0" from the root project
30 error
30 error Could not resolve dependency:
30 error peer react@"15 - 18" from react-joyride@2.9.3
30 error node_modules/react-joyride
30 error   react-joyride@"*" from the root project
30 error
30 error Fix the upstream dependency conflict, or retry
30 error this command with --force or --legacy-peer-deps
30 error to accept an incorrect (and potentially broken) dependency resolution.
31 error
31 error
31 error For a full report see:
31 error /Users/techieconso/restaurant-inventory/.npm-cache/_logs/2025-12-09T10_53_06_210Z-eresolve-report.txt
32 silly unfinished npm timer reify 1765277586402
33 silly unfinished npm timer reify:loadTrees 1765277586402
34 silly unfinished npm timer idealTree:buildDeps 1765277586509
35 silly unfinished npm timer idealTree:#root 1765277586510
36 verbose cwd /Users/techieconso/restaurant-inventory
37 verbose os Darwin 25.1.0
38 verbose node v22.19.0
39 verbose npm  v10.9.3
40 verbose exit 1
41 verbose code 1
42 error A complete log of this run can be found in: /Users/techieconso/restaurant-inventory/.npm-cache/_logs/2025-12-09T10_53_06_210Z-debug-0.log
