0 verbose cli /usr/local/bin/node /usr/local/bin/npm
1 info using npm@10.9.3
2 info using node@v22.19.0
3 silly config load:file:/usr/local/lib/node_modules/npm/npmrc
4 silly config load:file:/Users/techieconso/restaurant-inventory/.npmrc
5 silly config load:file:/Users/techieconso/.npmrc
6 silly config load:file:/usr/local/etc/npmrc
7 verbose title npm install react-joyride
8 verbose argv "install" "react-joyride" "--legacy-peer-deps" "--cache" "./.npm-cache"
9 verbose logfile logs-max:10 dir:/Users/techieconso/restaurant-inventory/.npm-cache/_logs/2025-12-09T10_53_16_581Z-
10 verbose logfile /Users/techieconso/restaurant-inventory/.npm-cache/_logs/2025-12-09T10_53_16_581Z-debug-0.log
11 silly logfile done cleaning log files
12 silly packumentCache heap:4345298944 maxSize:1086324736 maxEntrySize:543162368
13 silly idealTree buildDeps
14 silly fetch manifest react-joyride@*
15 silly packumentCache full:https://registry.npmjs.org/react-joyride cache-miss
16 http cache https://registry.npmjs.org/react-joyride 55ms (cache hit)
17 silly packumentCache full:https://registry.npmjs.org/react-joyride set size:518275 disposed:false
18 silly placeDep ROOT react-joyride@2.9.3 OK for: restaurant-inventory@0.1.0 want: *
19 silly fetch manifest scroll@^3.0.1
20 silly packumentCache full:https://registry.npmjs.org/scroll cache-miss
21 silly fetch manifest is-lite@^1.2.1
22 silly packumentCache full:https://registry.npmjs.org/is-lite cache-miss
23 silly fetch manifest deep-diff@^1.0.2
24 silly packumentCache full:https://registry.npmjs.org/deep-diff cache-miss
25 silly fetch manifest deepmerge@^4.3.1
26 silly packumentCache full:https://registry.npmjs.org/deepmerge cache-miss
27 silly fetch manifest type-fest@^4.27.0
28 silly packumentCache full:https://registry.npmjs.org/type-fest cache-miss
29 silly fetch manifest scrollparent@^2.1.0
30 silly packumentCache full:https://registry.npmjs.org/scrollparent cache-miss
31 silly fetch manifest tree-changes@^0.11.2
32 silly packumentCache full:https://registry.npmjs.org/tree-changes cache-miss
33 silly fetch manifest react-floater@^0.7.9
34 silly packumentCache full:https://registry.npmjs.org/react-floater cache-miss
35 silly fetch manifest react-innertext@^1.1.5
36 silly packumentCache full:https://registry.npmjs.org/react-innertext cache-miss
37 http fetch GET 200 https://registry.npmjs.org/scrollparent 989ms (cache miss)
38 silly packumentCache full:https://registry.npmjs.org/scrollparent set size:undefined disposed:false
39 silly fetch manifest @gilbarbara/deep-equal@^0.3.1
40 silly packumentCache full:https://registry.npmjs.org/@gilbarbara%2fdeep-equal cache-miss
41 http fetch GET 200 https://registry.npmjs.org/scroll 1114ms (cache miss)
42 silly packumentCache full:https://registry.npmjs.org/scroll set size:undefined disposed:false
43 http fetch GET 200 https://registry.npmjs.org/react-innertext 1113ms (cache miss)
44 silly packumentCache full:https://registry.npmjs.org/react-innertext set size:undefined disposed:false
45 http fetch GET 200 https://registry.npmjs.org/deep-diff 1198ms (cache miss)
46 silly packumentCache full:https://registry.npmjs.org/deep-diff set size:undefined disposed:false
47 http fetch GET 200 https://registry.npmjs.org/@gilbarbara%2fdeep-equal 291ms (cache miss)
48 silly packumentCache full:https://registry.npmjs.org/@gilbarbara%2fdeep-equal set size:undefined disposed:false
49 http fetch GET 200 https://registry.npmjs.org/tree-changes 1319ms (cache miss)
50 silly packumentCache full:https://registry.npmjs.org/tree-changes set size:undefined disposed:false
51 http fetch GET 200 https://registry.npmjs.org/type-fest 1329ms (cache miss)
52 silly packumentCache full:https://registry.npmjs.org/type-fest set size:undefined disposed:false
53 http fetch GET 200 https://registry.npmjs.org/is-lite 1557ms (cache miss)
54 silly packumentCache full:https://registry.npmjs.org/is-lite set size:undefined disposed:false
55 http fetch GET 200 https://registry.npmjs.org/deepmerge 1990ms (cache miss)
56 silly packumentCache full:https://registry.npmjs.org/deepmerge set size:undefined disposed:false
57 http fetch GET 200 https://registry.npmjs.org/react-floater 1996ms (cache miss)
58 silly packumentCache full:https://registry.npmjs.org/react-floater set size:undefined disposed:false
59 silly placeDep ROOT @gilbarbara/deep-equal@0.3.1 OK for: react-joyride@2.9.3 want: ^0.3.1
60 silly placeDep ROOT deep-diff@1.0.2 OK for: react-joyride@2.9.3 want: ^1.0.2
61 silly placeDep ROOT deepmerge@4.3.1 OK for: react-joyride@2.9.3 want: ^4.3.1
62 silly placeDep ROOT is-lite@1.2.1 OK for: react-joyride@2.9.3 want: ^1.2.1
63 silly placeDep ROOT react-floater@0.7.9 OK for: react-joyride@2.9.3 want: ^0.7.9
64 silly placeDep ROOT react-innertext@1.1.5 OK for: react-joyride@2.9.3 want: ^1.1.5
65 silly placeDep ROOT scroll@3.0.1 OK for: react-joyride@2.9.3 want: ^3.0.1
66 silly placeDep ROOT scrollparent@2.1.0 OK for: react-joyride@2.9.3 want: ^2.1.0
67 silly placeDep ROOT tree-changes@0.11.3 OK for: react-joyride@2.9.3 want: ^0.11.2
68 silly placeDep ROOT type-fest@4.41.0 OK for: react-joyride@2.9.3 want: ^4.27.0
69 silly fetch manifest is-lite@^0.8.2
70 silly packumentCache full:https://registry.npmjs.org/is-lite cache-miss
71 silly fetch manifest popper.js@^1.16.0
72 silly packumentCache full:https://registry.npmjs.org/popper.js cache-miss
73 silly fetch manifest tree-changes@^0.9.1
74 silly packumentCache full:https://registry.npmjs.org/tree-changes cache-miss
75 http cache https://registry.npmjs.org/tree-changes 3ms (cache hit)
76 silly packumentCache full:https://registry.npmjs.org/tree-changes set size:114367 disposed:false
77 http cache https://registry.npmjs.org/is-lite 4ms (cache hit)
78 silly packumentCache full:https://registry.npmjs.org/is-lite set size:111730 disposed:false
79 http fetch GET 200 https://registry.npmjs.org/popper.js 374ms (cache miss)
80 silly packumentCache full:https://registry.npmjs.org/popper.js set size:undefined disposed:false
81 silly placeDep node_modules/react-floater is-lite@0.8.2 OK for: react-floater@0.7.9 want: ^0.8.2
82 silly placeDep ROOT popper.js@1.16.1 OK for: react-floater@0.7.9 want: ^1.16.0
83 silly placeDep node_modules/react-floater tree-changes@0.9.3 OK for: react-floater@0.7.9 want: ^0.9.1
84 silly fetch manifest @gilbarbara/deep-equal@^0.1.1
85 silly packumentCache full:https://registry.npmjs.org/@gilbarbara%2fdeep-equal cache-miss
86 http cache https://registry.npmjs.org/@gilbarbara%2fdeep-equal 3ms (cache hit)
87 silly packumentCache full:https://registry.npmjs.org/@gilbarbara%2fdeep-equal set size:23997 disposed:false
88 silly placeDep node_modules/react-floater @gilbarbara/deep-equal@0.1.2 OK for: tree-changes@0.9.3 want: ^0.1.1
89 silly reify moves {}
90 verbose reify failed optional dependency /Users/techieconso/restaurant-inventory/node_modules/@tailwindcss/oxide-wasm32-wasi
91 silly reify mark deleted [
91 silly reify   '/Users/techieconso/restaurant-inventory/node_modules/@tailwindcss/oxide-wasm32-wasi'
91 silly reify ]
92 silly audit bulk request {
92 silly audit   '@alloc/quick-lru': [ '5.2.0' ],
92 silly audit   '@babel/code-frame': [ '7.27.1' ],
92 silly audit   '@babel/compat-data': [ '7.28.5' ],
92 silly audit   '@babel/core': [ '7.28.5' ],
92 silly audit   '@babel/generator': [ '7.28.5' ],
92 silly audit   '@babel/helper-compilation-targets': [ '7.27.2' ],
92 silly audit   '@babel/helper-globals': [ '7.28.0' ],
92 silly audit   '@babel/helper-module-imports': [ '7.27.1' ],
92 silly audit   '@babel/helper-module-transforms': [ '7.28.3' ],
92 silly audit   '@babel/helper-string-parser': [ '7.27.1' ],
92 silly audit   '@babel/helper-validator-identifier': [ '7.28.5' ],
92 silly audit   '@babel/helper-validator-option': [ '7.27.1' ],
92 silly audit   '@babel/helpers': [ '7.28.4' ],
92 silly audit   '@babel/parser': [ '7.28.5' ],
92 silly audit   '@babel/runtime': [ '7.28.4' ],
92 silly audit   '@babel/template': [ '7.27.2' ],
92 silly audit   '@babel/traverse': [ '7.28.5' ],
92 silly audit   '@babel/types': [ '7.28.5' ],
92 silly audit   '@emnapi/core': [ '1.7.1' ],
92 silly audit   '@emnapi/runtime': [ '1.7.1' ],
92 silly audit   '@emnapi/wasi-threads': [ '1.1.0' ],
92 silly audit   '@eslint-community/eslint-utils': [ '4.9.0' ],
92 silly audit   'eslint-visitor-keys': [ '3.4.3', '4.2.1' ],
92 silly audit   '@eslint-community/regexpp': [ '4.12.2' ],
92 silly audit   '@eslint/config-array': [ '0.21.1' ],
92 silly audit   '@eslint/config-helpers': [ '0.4.2' ],
92 silly audit   '@eslint/core': [ '0.17.0' ],
92 silly audit   '@eslint/eslintrc': [ '3.3.1' ],
92 silly audit   '@eslint/js': [ '9.39.1' ],
92 silly audit   '@eslint/object-schema': [ '2.1.7' ],
92 silly audit   '@eslint/plugin-kit': [ '0.4.1' ],
92 silly audit   '@humanfs/core': [ '0.19.1' ],
92 silly audit   '@humanfs/node': [ '0.16.7' ],
92 silly audit   '@humanwhocodes/module-importer': [ '1.0.1' ],
92 silly audit   '@humanwhocodes/retry': [ '0.4.3' ],
92 silly audit   '@img/colour': [ '1.0.0' ],
92 silly audit   '@img/sharp-darwin-arm64': [ '0.34.5' ],
92 silly audit   '@img/sharp-darwin-x64': [ '0.34.5' ],
92 silly audit   '@img/sharp-libvips-darwin-arm64': [ '1.2.4' ],
92 silly audit   '@img/sharp-libvips-darwin-x64': [ '1.2.4' ],
92 silly audit   '@img/sharp-libvips-linux-arm': [ '1.2.4' ],
92 silly audit   '@img/sharp-libvips-linux-arm64': [ '1.2.4' ],
92 silly audit   '@img/sharp-libvips-linux-ppc64': [ '1.2.4' ],
92 silly audit   '@img/sharp-libvips-linux-riscv64': [ '1.2.4' ],
92 silly audit   '@img/sharp-libvips-linux-s390x': [ '1.2.4' ],
92 silly audit   '@img/sharp-libvips-linux-x64': [ '1.2.4' ],
92 silly audit   '@img/sharp-libvips-linuxmusl-arm64': [ '1.2.4' ],
92 silly audit   '@img/sharp-libvips-linuxmusl-x64': [ '1.2.4' ],
92 silly audit   '@img/sharp-linux-arm': [ '0.34.5' ],
92 silly audit   '@img/sharp-linux-arm64': [ '0.34.5' ],
92 silly audit   '@img/sharp-linux-ppc64': [ '0.34.5' ],
92 silly audit   '@img/sharp-linux-riscv64': [ '0.34.5' ],
92 silly audit   '@img/sharp-linux-s390x': [ '0.34.5' ],
92 silly audit   '@img/sharp-linux-x64': [ '0.34.5' ],
92 silly audit   '@img/sharp-linuxmusl-arm64': [ '0.34.5' ],
92 silly audit   '@img/sharp-linuxmusl-x64': [ '0.34.5' ],
92 silly audit   '@img/sharp-wasm32': [ '0.34.5' ],
92 silly audit   '@img/sharp-win32-arm64': [ '0.34.5' ],
92 silly audit   '@img/sharp-win32-ia32': [ '0.34.5' ],
92 silly audit   '@img/sharp-win32-x64': [ '0.34.5' ],
92 silly audit   '@jridgewell/gen-mapping': [ '0.3.13' ],
92 silly audit   '@jridgewell/remapping': [ '2.3.5' ],
92 silly audit   '@jridgewell/resolve-uri': [ '3.1.2' ],
92 silly audit   '@jridgewell/sourcemap-codec': [ '1.5.5' ],
92 silly audit   '@jridgewell/trace-mapping': [ '0.3.31' ],
92 silly audit   '@napi-rs/wasm-runtime': [ '0.2.12' ],
92 silly audit   '@next/env': [ '16.0.7' ],
92 silly audit   '@next/eslint-plugin-next': [ '16.0.7' ],
92 silly audit   '@next/swc-darwin-arm64': [ '16.0.7' ],
92 silly audit   '@next/swc-darwin-x64': [ '16.0.7' ],
92 silly audit   '@next/swc-linux-arm64-gnu': [ '16.0.7' ],
92 silly audit   '@next/swc-linux-arm64-musl': [ '16.0.7' ],
92 silly audit   '@next/swc-linux-x64-gnu': [ '16.0.7' ],
92 silly audit   '@next/swc-linux-x64-musl': [ '16.0.7' ],
92 silly audit   '@next/swc-win32-arm64-msvc': [ '16.0.7' ],
92 silly audit   '@next/swc-win32-x64-msvc': [ '16.0.7' ],
92 silly audit   '@nodelib/fs.scandir': [ '2.1.5' ],
92 silly audit   '@nodelib/fs.stat': [ '2.0.5' ],
92 silly audit   '@nodelib/fs.walk': [ '1.2.8' ],
92 silly audit   '@nolyfill/is-core-module': [ '1.0.39' ],
92 silly audit   '@reduxjs/toolkit': [ '2.11.0' ],
92 silly audit   immer: [ '11.0.0', '10.2.0' ],
92 silly audit   '@rtsao/scc': [ '1.1.0' ],
92 silly audit   '@standard-schema/spec': [ '1.0.0' ],
92 silly audit   '@standard-schema/utils': [ '0.3.0' ],
92 silly audit   '@supabase/auth-helpers-nextjs': [ '0.10.0' ],
92 silly audit   '@supabase/auth-helpers-shared': [ '0.7.0' ],
92 silly audit   '@supabase/auth-js': [ '2.84.0' ],
92 silly audit   '@supabase/functions-js': [ '2.84.0' ],
92 silly audit   '@supabase/postgrest-js': [ '2.84.0' ],
92 silly audit   '@supabase/realtime-js': [ '2.84.0' ],
92 silly audit   '@supabase/ssr': [ '0.7.0' ],
92 silly audit   '@supabase/storage-js': [ '2.84.0' ],
92 silly audit   '@supabase/supabase-js': [ '2.84.0' ],
92 silly audit   '@swc/helpers': [ '0.5.15' ],
92 silly audit   '@tailwindcss/node': [ '4.1.17' ],
92 silly audit   '@tailwindcss/oxide': [ '4.1.17' ],
92 silly audit   '@tailwindcss/oxide-android-arm64': [ '4.1.17' ],
92 silly audit   '@tailwindcss/oxide-darwin-arm64': [ '4.1.17' ],
92 silly audit   '@tailwindcss/oxide-darwin-x64': [ '4.1.17' ],
92 silly audit   '@tailwindcss/oxide-freebsd-x64': [ '4.1.17' ],
92 silly audit   '@tailwindcss/oxide-linux-arm-gnueabihf': [ '4.1.17' ],
92 silly audit   '@tailwindcss/oxide-linux-arm64-gnu': [ '4.1.17' ],
92 silly audit   '@tailwindcss/oxide-linux-arm64-musl': [ '4.1.17' ],
92 silly audit   '@tailwindcss/oxide-linux-x64-gnu': [ '4.1.17' ],
92 silly audit   '@tailwindcss/oxide-linux-x64-musl': [ '4.1.17' ],
92 silly audit   '@tailwindcss/oxide-win32-arm64-msvc': [ '4.1.17' ],
92 silly audit   '@tailwindcss/oxide-win32-x64-msvc': [ '4.1.17' ],
92 silly audit   '@tailwindcss/postcss': [ '4.1.17' ],
92 silly audit   '@tybys/wasm-util': [ '0.10.1' ],
92 silly audit   '@types/d3-array': [ '3.2.2' ],
92 silly audit   '@types/d3-color': [ '3.1.3' ],
92 silly audit   '@types/d3-ease': [ '3.0.2' ],
92 silly audit   '@types/d3-interpolate': [ '3.0.4' ],
92 silly audit   '@types/d3-path': [ '3.1.1' ],
92 silly audit   '@types/d3-scale': [ '4.0.9' ],
92 silly audit   '@types/d3-shape': [ '3.1.7' ],
92 silly audit   '@types/d3-time': [ '3.0.4' ],
92 silly audit   '@types/d3-timer': [ '3.0.2' ],
92 silly audit   '@types/estree': [ '1.0.8' ],
92 silly audit   '@types/js-cookie': [ '3.0.6' ],
92 silly audit   '@types/json-schema': [ '7.0.15' ],
92 silly audit   '@types/json5': [ '0.0.29' ],
92 silly audit   '@types/node': [ '20.19.25' ],
92 silly audit   '@types/pako': [ '2.0.4' ],
92 silly audit   '@types/phoenix': [ '1.6.6' ],
92 silly audit   '@types/raf': [ '3.4.3' ],
92 silly audit   '@types/react': [ '19.2.7' ],
92 silly audit   '@types/react-dom': [ '19.2.3' ],
92 silly audit   '@types/trusted-types': [ '2.0.7' ],
92 silly audit   '@types/use-sync-external-store': [ '0.0.6' ],
92 silly audit   '@types/ws': [ '8.18.1' ],
92 silly audit   '@typescript-eslint/eslint-plugin': [ '8.48.0' ],
92 silly audit   ignore: [ '7.0.5', '5.3.2' ],
92 silly audit   '@typescript-eslint/parser': [ '8.48.0' ],
92 silly audit   '@typescript-eslint/project-service': [ '8.48.0' ],
92 silly audit   '@typescript-eslint/scope-manager': [ '8.48.0' ],
92 silly audit   '@typescript-eslint/tsconfig-utils': [ '8.48.0' ],
92 silly audit   '@typescript-eslint/type-utils': [ '8.48.0' ],
92 silly audit   '@typescript-eslint/types': [ '8.48.0' ],
92 silly audit   '@typescript-eslint/typescript-estree': [ '8.48.0' ],
92 silly audit   'brace-expansion': [ '2.0.2', '1.1.12' ],
92 silly audit   minimatch: [ '9.0.5', '3.1.2' ],
92 silly audit   semver: [ '7.7.3', '6.3.1' ],
92 silly audit   '@typescript-eslint/utils': [ '8.48.0' ],
92 silly audit   '@typescript-eslint/visitor-keys': [ '8.48.0' ],
92 silly audit   '@unrs/resolver-binding-android-arm-eabi': [ '1.11.1' ],
92 silly audit   '@unrs/resolver-binding-android-arm64': [ '1.11.1' ],
92 silly audit   '@unrs/resolver-binding-darwin-arm64': [ '1.11.1' ],
92 silly audit   '@unrs/resolver-binding-darwin-x64': [ '1.11.1' ],
92 silly audit   '@unrs/resolver-binding-freebsd-x64': [ '1.11.1' ],
92 silly audit   '@unrs/resolver-binding-linux-arm-gnueabihf': [ '1.11.1' ],
92 silly audit   '@unrs/resolver-binding-linux-arm-musleabihf': [ '1.11.1' ],
92 silly audit   '@unrs/resolver-binding-linux-arm64-gnu': [ '1.11.1' ],
92 silly audit   '@unrs/resolver-binding-linux-arm64-musl': [ '1.11.1' ],
92 silly audit   '@unrs/resolver-binding-linux-ppc64-gnu': [ '1.11.1' ],
92 silly audit   '@unrs/resolver-binding-linux-riscv64-gnu': [ '1.11.1' ],
92 silly audit   '@unrs/resolver-binding-linux-riscv64-musl': [ '1.11.1' ],
92 silly audit   '@unrs/resolver-binding-linux-s390x-gnu': [ '1.11.1' ],
92 silly audit   '@unrs/resolver-binding-linux-x64-gnu': [ '1.11.1' ],
92 silly audit   '@unrs/resolver-binding-linux-x64-musl': [ '1.11.1' ],
92 silly audit   '@unrs/resolver-binding-wasm32-wasi': [ '1.11.1' ],
92 silly audit   '@unrs/resolver-binding-win32-arm64-msvc': [ '1.11.1' ],
92 silly audit   '@unrs/resolver-binding-win32-ia32-msvc': [ '1.11.1' ],
92 silly audit   '@unrs/resolver-binding-win32-x64-msvc': [ '1.11.1' ],
92 silly audit   acorn: [ '8.15.0' ],
92 silly audit   'acorn-jsx': [ '5.3.2' ],
92 silly audit   'adler-32': [ '1.3.1' ],
92 silly audit   ajv: [ '6.12.6' ],
92 silly audit   'ansi-styles': [ '4.3.0' ],
92 silly audit   argparse: [ '2.0.1' ],
92 silly audit   'aria-query': [ '5.3.2' ],
92 silly audit   'array-buffer-byte-length': [ '1.0.2' ],
92 silly audit   'array-includes': [ '3.1.9' ],
92 silly audit   'array.prototype.findlast': [ '1.2.5' ],
92 silly audit   'array.prototype.findlastindex': [ '1.2.6' ],
92 silly audit   'array.prototype.flat': [ '1.3.3' ],
92 silly audit   'array.prototype.flatmap': [ '1.3.3' ],
92 silly audit   'array.prototype.tosorted': [ '1.1.4' ],
92 silly audit   'arraybuffer.prototype.slice': [ '1.0.4' ],
92 silly audit   'ast-types-flow': [ '0.0.8' ],
92 silly audit   'async-function': [ '1.0.0' ],
92 silly audit   'available-typed-arrays': [ '1.0.7' ],
92 silly audit   'axe-core': [ '4.11.0' ],
92 silly audit   'axobject-query': [ '4.1.0' ],
92 silly audit   'balanced-match': [ '1.0.2' ],
92 silly audit   'base64-arraybuffer': [ '1.0.2' ],
92 silly audit   'baseline-browser-mapping': [ '2.8.31' ],
92 silly audit   braces: [ '3.0.3' ],
92 silly audit   browserslist: [ '4.28.0' ],
92 silly audit   'call-bind': [ '1.0.8' ],
92 silly audit   'call-bind-apply-helpers': [ '1.0.2' ],
92 silly audit   'call-bound': [ '1.0.4' ],
92 silly audit   callsites: [ '3.1.0' ],
92 silly audit   'caniuse-lite': [ '1.0.30001757' ],
92 silly audit   canvg: [ '3.0.11' ],
92 silly audit   cfb: [ '1.2.2' ],
92 silly audit   chalk: [ '4.1.2' ],
92 silly audit   'client-only': [ '0.0.1' ],
92 silly audit   clsx: [ '2.1.1' ],
92 silly audit   codepage: [ '1.15.0' ],
92 silly audit   'color-convert': [ '2.0.1' ],
92 silly audit   'color-name': [ '1.1.4' ],
92 silly audit   'concat-map': [ '0.0.1' ],
92 silly audit   'convert-source-map': [ '2.0.0' ],
92 silly audit   cookie: [ '1.0.2' ],
92 silly audit   'core-js': [ '3.47.0' ],
92 silly audit   'crc-32': [ '1.2.2' ],
92 silly audit   'cross-spawn': [ '7.0.6' ],
92 silly audit   'css-line-break': [ '2.1.0' ],
92 silly audit   csstype: [ '3.2.3' ],
92 silly audit   'd3-array': [ '3.2.4' ],
92 silly audit   'd3-color': [ '3.1.0' ],
92 silly audit   'd3-ease': [ '3.0.1' ],
92 silly audit   'd3-format': [ '3.1.0' ],
92 silly audit   'd3-interpolate': [ '3.0.1' ],
92 silly audit   'd3-path': [ '3.1.0' ],
92 silly audit   'd3-scale': [ '4.0.2' ],
92 silly audit   'd3-shape': [ '3.2.0' ],
92 silly audit   'd3-time': [ '3.1.0' ],
92 silly audit   'd3-time-format': [ '4.1.0' ],
92 silly audit   'd3-timer': [ '3.0.1' ],
92 silly audit   'damerau-levenshtein': [ '1.0.8' ],
92 silly audit   'data-view-buffer': [ '1.0.2' ],
92 silly audit   'data-view-byte-length': [ '1.0.2' ],
92 silly audit   'data-view-byte-offset': [ '1.0.1' ],
92 silly audit   'date-fns': [ '4.1.0' ],
92 silly audit   debug: [ '4.4.3', '3.2.7' ],
92 silly audit   'decimal.js-light': [ '2.5.1' ],
92 silly audit   'deep-is': [ '0.1.4' ],
92 silly audit   'define-data-property': [ '1.1.4' ],
92 silly audit   'define-properties': [ '1.2.1' ],
92 silly audit   'detect-libc': [ '2.1.2' ],
92 silly audit   doctrine: [ '2.1.0' ],
92 silly audit   dompurify: [ '3.3.0' ],
92 silly audit   'dunder-proto': [ '1.0.1' ],
92 silly audit   'electron-to-chromium': [ '1.5.260' ],
92 silly audit   'emoji-regex': [ '9.2.2' ],
92 silly audit   'enhanced-resolve': [ '5.18.3' ],
92 silly audit   'es-abstract': [ '1.24.0' ],
92 silly audit   'es-define-property': [ '1.0.1' ],
92 silly audit   'es-errors': [ '1.3.0' ],
92 silly audit   'es-iterator-helpers': [ '1.2.1' ],
92 silly audit   'es-object-atoms': [ '1.1.1' ],
92 silly audit   'es-set-tostringtag': [ '2.1.0' ],
92 silly audit   'es-shim-unscopables': [ '1.1.0' ],
92 silly audit   'es-to-primitive': [ '1.3.0' ],
92 silly audit   'es-toolkit': [ '1.42.0' ],
92 silly audit   escalade: [ '3.2.0' ],
92 silly audit   'escape-string-regexp': [ '4.0.0' ],
92 silly audit   eslint: [ '9.39.1' ],
92 silly audit   'eslint-config-next': [ '16.0.7' ],
92 silly audit   globals: [ '16.4.0', '14.0.0' ],
92 silly audit   'eslint-import-resolver-node': [ '0.3.9' ],
92 silly audit   'eslint-import-resolver-typescript': [ '3.10.1' ],
92 silly audit   'eslint-module-utils': [ '2.12.1' ],
92 silly audit   'eslint-plugin-import': [ '2.32.0' ],
92 silly audit   'eslint-plugin-jsx-a11y': [ '6.10.2' ],
92 silly audit   'eslint-plugin-react': [ '7.37.5' ],
92 silly audit   'eslint-plugin-react-hooks': [ '7.0.1' ],
92 silly audit   'eslint-plugin-react-perf': [ '3.3.3' ],
92 silly audit   resolve: [ '2.0.0-next.5', '1.22.11' ],
92 silly audit   'eslint-scope': [ '8.4.0' ],
92 silly audit   espree: [ '10.4.0' ],
92 silly audit   esquery: [ '1.6.0' ],
92 silly audit   esrecurse: [ '4.3.0' ],
92 silly audit   estraverse: [ '5.3.0' ],
92 silly audit   esutils: [ '2.0.3' ],
92 silly audit   eventemitter3: [ '5.0.1' ],
92 silly audit   'fast-deep-equal': [ '3.1.3' ],
92 silly audit   'fast-glob': [ '3.3.1' ],
92 silly audit   'glob-parent': [ '5.1.2', '6.0.2' ],
92 silly audit   'fast-json-stable-stringify': [ '2.1.0' ],
92 silly audit   'fast-levenshtein': [ '2.0.6' ],
92 silly audit   'fast-png': [ '6.4.0' ],
92 silly audit   fastq: [ '1.19.1' ],
92 silly audit   fflate: [ '0.8.2' ],
92 silly audit   'file-entry-cache': [ '8.0.0' ],
92 silly audit   'fill-range': [ '7.1.1' ],
92 silly audit   'find-up': [ '5.0.0' ],
92 silly audit   'flat-cache': [ '4.0.1' ],
92 silly audit   flatted: [ '3.3.3' ],
92 silly audit   'for-each': [ '0.3.5' ],
92 silly audit   frac: [ '1.1.2' ],
92 silly audit   'function-bind': [ '1.1.2' ],
92 silly audit   'function.prototype.name': [ '1.1.8' ],
92 silly audit   'functions-have-names': [ '1.2.3' ],
92 silly audit   'generator-function': [ '2.0.1' ],
92 silly audit   gensync: [ '1.0.0-beta.2' ],
92 silly audit   'get-intrinsic': [ '1.3.0' ],
92 silly audit   'get-proto': [ '1.0.1' ],
92 silly audit   'get-symbol-description': [ '1.1.0' ],
92 silly audit   'get-tsconfig': [ '4.13.0' ],
92 silly audit   globalthis: [ '1.0.4' ],
92 silly audit   gopd: [ '1.2.0' ],
92 silly audit   'graceful-fs': [ '4.2.11' ],
92 silly audit   graphemer: [ '1.4.0' ],
92 silly audit   'has-bigints': [ '1.1.0' ],
92 silly audit   'has-flag': [ '4.0.0' ],
92 silly audit   'has-property-descriptors': [ '1.0.2' ],
92 silly audit   'has-proto': [ '1.2.0' ],
92 silly audit   'has-symbols': [ '1.1.0' ],
92 silly audit   'has-tostringtag': [ '1.0.2' ],
92 silly audit   hasown: [ '2.0.2' ],
92 silly audit   'hermes-estree': [ '0.25.1' ],
92 silly audit   'hermes-parser': [ '0.25.1' ],
92 silly audit   html2canvas: [ '1.4.1' ],
92 silly audit   'import-fresh': [ '3.3.1' ],
92 silly audit   imurmurhash: [ '0.1.4' ],
92 silly audit   'internal-slot': [ '1.1.0' ],
92 silly audit   internmap: [ '2.0.3' ],
92 silly audit   iobuffer: [ '5.4.0' ],
92 silly audit   'is-array-buffer': [ '3.0.5' ],
92 silly audit   'is-async-function': [ '2.1.1' ],
92 silly audit   'is-bigint': [ '1.1.0' ],
92 silly audit   'is-boolean-object': [ '1.2.2' ],
92 silly audit   'is-bun-module': [ '2.0.0' ],
92 silly audit   'is-callable': [ '1.2.7' ],
92 silly audit   'is-core-module': [ '2.16.1' ],
92 silly audit   'is-data-view': [ '1.0.2' ],
92 silly audit   'is-date-object': [ '1.1.0' ],
92 silly audit   'is-extglob': [ '2.1.1' ],
92 silly audit   'is-finalizationregistry': [ '1.1.1' ],
92 silly audit   'is-generator-function': [ '1.1.2' ],
92 silly audit   'is-glob': [ '4.0.3' ],
92 silly audit   'is-map': [ '2.0.3' ],
92 silly audit   'is-negative-zero': [ '2.0.3' ],
92 silly audit   'is-number': [ '7.0.0' ],
92 silly audit   'is-number-object': [ '1.1.1' ],
92 silly audit   'is-regex': [ '1.2.1' ],
92 silly audit   'is-set': [ '2.0.3' ],
92 silly audit   'is-shared-array-buffer': [ '1.0.4' ],
92 silly audit   'is-string': [ '1.1.1' ],
92 silly audit   'is-symbol': [ '1.1.1' ],
92 silly audit   'is-typed-array': [ '1.1.15' ],
92 silly audit   'is-weakmap': [ '2.0.2' ],
92 silly audit   'is-weakref': [ '1.1.1' ],
92 silly audit   'is-weakset': [ '2.0.4' ],
92 silly audit   isarray: [ '2.0.5' ],
92 silly audit   isexe: [ '2.0.0' ],
92 silly audit   'iterator.prototype': [ '1.1.5' ],
92 silly audit   jiti: [ '2.6.1' ],
92 silly audit   jose: [ '4.15.9' ],
92 silly audit   'js-cookie': [ '3.0.5' ],
92 silly audit   'js-tokens': [ '4.0.0' ],
92 silly audit   'js-yaml': [ '4.1.1' ],
92 silly audit   jsesc: [ '3.1.0' ],
92 silly audit   'json-buffer': [ '3.0.1' ],
92 silly audit   'json-schema-traverse': [ '0.4.1' ],
92 silly audit   'json-stable-stringify-without-jsonify': [ '1.0.1' ],
92 silly audit   json5: [ '2.2.3', '1.0.2' ],
92 silly audit   jspdf: [ '3.0.4' ],
92 silly audit   'jspdf-autotable': [ '5.0.2' ],
92 silly audit   'jsx-ast-utils': [ '3.3.5' ],
92 silly audit   keyv: [ '4.5.4' ],
92 silly audit   'language-subtag-registry': [ '0.3.23' ],
92 silly audit   'language-tags': [ '1.0.9' ],
92 silly audit   levn: [ '0.4.1' ],
92 silly audit   lightningcss: [ '1.30.2' ],
92 silly audit   'lightningcss-android-arm64': [ '1.30.2' ],
92 silly audit   'lightningcss-darwin-arm64': [ '1.30.2' ],
92 silly audit   'lightningcss-darwin-x64': [ '1.30.2' ],
92 silly audit   'lightningcss-freebsd-x64': [ '1.30.2' ],
92 silly audit   'lightningcss-linux-arm-gnueabihf': [ '1.30.2' ],
92 silly audit   'lightningcss-linux-arm64-gnu': [ '1.30.2' ],
92 silly audit   'lightningcss-linux-arm64-musl': [ '1.30.2' ],
92 silly audit   'lightningcss-linux-x64-gnu': [ '1.30.2' ],
92 silly audit   'lightningcss-linux-x64-musl': [ '1.30.2' ],
92 silly audit   'lightningcss-win32-arm64-msvc': [ '1.30.2' ],
92 silly audit   'lightningcss-win32-x64-msvc': [ '1.30.2' ],
92 silly audit   'locate-path': [ '6.0.0' ],
92 silly audit   'lodash.merge': [ '4.6.2' ],
92 silly audit   'loose-envify': [ '1.4.0' ],
92 silly audit   'lru-cache': [ '5.1.1' ],
92 silly audit   'magic-string': [ '0.30.21' ],
92 silly audit   'math-intrinsics': [ '1.1.0' ],
92 silly audit   merge2: [ '1.4.1' ],
92 silly audit   micromatch: [ '4.0.8' ],
92 silly audit   minimist: [ '1.2.8' ],
92 silly audit   ms: [ '2.1.3' ],
92 silly audit   nanoid: [ '3.3.11' ],
92 silly audit   'napi-postinstall': [ '0.3.4' ],
92 silly audit   'natural-compare': [ '1.4.0' ],
92 silly audit   next: [ '16.0.7' ],
92 silly audit   postcss: [ '8.4.31', '8.5.6' ],
92 silly audit   'node-releases': [ '2.0.27' ],
92 silly audit   'object-assign': [ '4.1.1' ],
92 silly audit   'object-inspect': [ '1.13.4' ],
92 silly audit   'object-keys': [ '1.1.1' ],
92 silly audit   'object.assign': [ '4.1.7' ],
92 silly audit   'object.entries': [ '1.1.9' ],
92 silly audit   'object.fromentries': [ '2.0.8' ],
92 silly audit   'object.groupby': [ '1.0.3' ],
92 silly audit   'object.values': [ '1.2.1' ],
92 silly audit   optionator: [ '0.9.4' ],
92 silly audit   'own-keys': [ '1.0.1' ],
92 silly audit   'p-limit': [ '3.1.0' ],
92 silly audit   'p-locate': [ '5.0.0' ],
92 silly audit   pako: [ '2.1.0' ],
92 silly audit   'parent-module': [ '1.0.1' ],
92 silly audit   'path-exists': [ '4.0.0' ],
92 silly audit   'path-key': [ '3.1.1' ],
92 silly audit   'path-parse': [ '1.0.7' ],
92 silly audit   'performance-now': [ '2.1.0' ],
92 silly audit   picocolors: [ '1.1.1' ],
92 silly audit   picomatch: [ '2.3.1', '4.0.3' ],
92 silly audit   'possible-typed-array-names': [ '1.1.0' ],
92 silly audit   'prelude-ls': [ '1.2.1' ],
92 silly audit   prettier: [ '3.7.4' ],
92 silly audit   'prop-types': [ '15.8.1' ],
92 silly audit   punycode: [ '2.3.1' ],
92 silly audit   'queue-microtask': [ '1.2.3' ],
92 silly audit   raf: [ '3.4.1' ],
92 silly audit   react: [ '19.2.0' ],
92 silly audit   'react-dom': [ '19.2.0' ],
92 silly audit   'react-is': [ '16.13.1' ],
92 silly audit   'react-redux': [ '9.2.0' ],
92 silly audit   recharts: [ '3.5.0' ],
92 silly audit   redux: [ '5.0.1' ],
92 silly audit   'redux-thunk': [ '3.1.0' ],
92 silly audit   'reflect.getprototypeof': [ '1.0.10' ],
92 silly audit   'regenerator-runtime': [ '0.13.11' ],
92 silly audit   'regexp.prototype.flags': [ '1.5.4' ],
92 silly audit   reselect: [ '5.1.1' ],
92 silly audit   'resolve-from': [ '4.0.0' ],
92 silly audit   'resolve-pkg-maps': [ '1.0.0' ],
92 silly audit   reusify: [ '1.1.0' ],
92 silly audit   rgbcolor: [ '1.0.1' ],
92 silly audit   'run-parallel': [ '1.2.0' ],
92 silly audit   'safe-array-concat': [ '1.1.3' ],
92 silly audit   'safe-push-apply': [ '1.0.0' ],
92 silly audit   'safe-regex-test': [ '1.1.0' ],
92 silly audit   scheduler: [ '0.27.0' ],
92 silly audit   'set-cookie-parser': [ '2.7.2' ],
92 silly audit   'set-function-length': [ '1.2.2' ],
92 silly audit   'set-function-name': [ '2.0.2' ],
92 silly audit   'set-proto': [ '1.0.0' ],
92 silly audit   sharp: [ '0.34.5' ],
92 silly audit   'shebang-command': [ '2.0.0' ],
92 silly audit   'shebang-regex': [ '3.0.0' ],
92 silly audit   'side-channel': [ '1.1.0' ],
92 silly audit   'side-channel-list': [ '1.0.0' ],
92 silly audit   'side-channel-map': [ '1.0.1' ],
92 silly audit   'side-channel-weakmap': [ '1.0.2' ],
92 silly audit   'source-map-js': [ '1.2.1' ],
92 silly audit   ssf: [ '0.11.2' ],
92 silly audit   'stable-hash': [ '0.0.5' ],
92 silly audit   'stackblur-canvas': [ '2.7.0' ],
92 silly audit   'stop-iteration-iterator': [ '1.1.0' ],
92 silly audit   'string.prototype.includes': [ '2.0.1' ],
92 silly audit   'string.prototype.matchall': [ '4.0.12' ],
92 silly audit   'string.prototype.repeat': [ '1.0.0' ],
92 silly audit   'string.prototype.trim': [ '1.2.10' ],
92 silly audit   'string.prototype.trimend': [ '1.0.9' ],
92 silly audit   'string.prototype.trimstart': [ '1.0.8' ],
92 silly audit   'strip-bom': [ '3.0.0' ],
92 silly audit   'strip-json-comments': [ '3.1.1' ],
92 silly audit   'styled-jsx': [ '5.1.6' ],
92 silly audit   'supports-color': [ '7.2.0' ],
92 silly audit   'supports-preserve-symlinks-flag': [ '1.0.0' ],
92 silly audit   'svg-pathdata': [ '6.0.3' ],
92 silly audit   tailwindcss: [ '4.1.17' ],
92 silly audit   tapable: [ '2.3.0' ],
92 silly audit   'text-segmentation': [ '1.0.3' ],
92 silly audit   'tiny-invariant': [ '1.3.3' ],
92 silly audit   tinyglobby: [ '0.2.15' ],
92 silly audit   fdir: [ '6.5.0' ],
92 silly audit   'to-regex-range': [ '5.0.1' ],
92 silly audit   'ts-api-utils': [ '2.1.0' ],
92 silly audit   'tsconfig-paths': [ '3.15.0' ],
92 silly audit   tslib: [ '2.8.1' ],
92 silly audit   'type-check': [ '0.4.0' ],
92 silly audit   'typed-array-buffer': [ '1.0.3' ],
92 silly audit   'typed-array-byte-length': [ '1.0.3' ],
92 silly audit   'typed-array-byte-offset': [ '1.0.4' ],
92 silly audit   'typed-array-length': [ '1.0.7' ],
92 silly audit   typescript: [ '5.9.3' ],
92 silly audit   'typescript-eslint': [ '8.48.0' ],
92 silly audit   'unbox-primitive': [ '1.1.0' ],
92 silly audit   'undici-types': [ '6.21.0' ],
92 silly audit   'unrs-resolver': [ '1.11.1' ],
92 silly audit   'update-browserslist-db': [ '1.1.4' ],
92 silly audit   'uri-js': [ '4.4.1' ],
92 silly audit   'use-sync-external-store': [ '1.6.0' ],
92 silly audit   utrie: [ '1.0.2' ],
92 silly audit   'victory-vendor': [ '37.3.6' ],
92 silly audit   which: [ '2.0.2' ],
92 silly audit   'which-boxed-primitive': [ '1.1.1' ],
92 silly audit   'which-builtin-type': [ '1.2.1' ],
92 silly audit   'which-collection': [ '1.0.2' ],
92 silly audit   'which-typed-array': [ '1.1.19' ],
92 silly audit   wmf: [ '1.0.2' ],
92 silly audit   word: [ '0.3.0' ],
92 silly audit   'word-wrap': [ '1.2.5' ],
92 silly audit   ws: [ '8.18.3' ],
92 silly audit   xlsx: [ '0.18.5' ],
92 silly audit   yallist: [ '3.1.1' ],
92 silly audit   'yocto-queue': [ '0.1.0' ],
92 silly audit   zod: [ '4.1.13' ],
92 silly audit   'zod-validation-error': [ '4.0.2' ],
92 silly audit   zustand: [ '5.0.9' ],
92 silly audit   'react-joyride': [ '2.9.3' ],
92 silly audit   '@gilbarbara/deep-equal': [ '0.3.1', '0.1.2' ],
92 silly audit   'deep-diff': [ '1.0.2' ],
92 silly audit   deepmerge: [ '4.3.1' ],
92 silly audit   'is-lite': [ '1.2.1', '0.8.2' ],
92 silly audit   'react-floater': [ '0.7.9' ],
92 silly audit   'react-innertext': [ '1.1.5' ],
92 silly audit   scroll: [ '3.0.1' ],
92 silly audit   scrollparent: [ '2.1.0' ],
92 silly audit   'tree-changes': [ '0.11.3', '0.9.3' ],
92 silly audit   'type-fest': [ '4.41.0' ],
92 silly audit   'popper.js': [ '1.16.1' ],
92 silly audit   '@tailwindcss/oxide-wasm32-wasi': [ '4.1.17' ]
92 silly audit }
93 verbose reify failed optional dependency /Users/techieconso/restaurant-inventory/node_modules/lightningcss-win32-x64-msvc
94 silly reify mark deleted [
94 silly reify   '/Users/techieconso/restaurant-inventory/node_modules/lightningcss-win32-x64-msvc'
94 silly reify ]
95 verbose reify failed optional dependency /Users/techieconso/restaurant-inventory/node_modules/lightningcss-win32-arm64-msvc
96 silly reify mark deleted [
96 silly reify   '/Users/techieconso/restaurant-inventory/node_modules/lightningcss-win32-arm64-msvc'
96 silly reify ]
97 verbose reify failed optional dependency /Users/techieconso/restaurant-inventory/node_modules/lightningcss-linux-x64-musl
98 silly reify mark deleted [
98 silly reify   '/Users/techieconso/restaurant-inventory/node_modules/lightningcss-linux-x64-musl'
98 silly reify ]
99 verbose reify failed optional dependency /Users/techieconso/restaurant-inventory/node_modules/lightningcss-linux-x64-gnu
100 silly reify mark deleted [
100 silly reify   '/Users/techieconso/restaurant-inventory/node_modules/lightningcss-linux-x64-gnu'
100 silly reify ]
101 verbose reify failed optional dependency /Users/techieconso/restaurant-inventory/node_modules/lightningcss-linux-arm64-musl
102 silly reify mark deleted [
102 silly reify   '/Users/techieconso/restaurant-inventory/node_modules/lightningcss-linux-arm64-musl'
102 silly reify ]
103 verbose reify failed optional dependency /Users/techieconso/restaurant-inventory/node_modules/lightningcss-linux-arm64-gnu
104 silly reify mark deleted [
104 silly reify   '/Users/techieconso/restaurant-inventory/node_modules/lightningcss-linux-arm64-gnu'
104 silly reify ]
105 verbose reify failed optional dependency /Users/techieconso/restaurant-inventory/node_modules/lightningcss-linux-arm-gnueabihf
106 silly reify mark deleted [
106 silly reify   '/Users/techieconso/restaurant-inventory/node_modules/lightningcss-linux-arm-gnueabihf'
106 silly reify ]
107 verbose reify failed optional dependency /Users/techieconso/restaurant-inventory/node_modules/lightningcss-freebsd-x64
108 silly reify mark deleted [
108 silly reify   '/Users/techieconso/restaurant-inventory/node_modules/lightningcss-freebsd-x64'
108 silly reify ]
109 verbose reify failed optional dependency /Users/techieconso/restaurant-inventory/node_modules/lightningcss-darwin-x64
110 silly reify mark deleted [
110 silly reify   '/Users/techieconso/restaurant-inventory/node_modules/lightningcss-darwin-x64'
110 silly reify ]
111 verbose reify failed optional dependency /Users/techieconso/restaurant-inventory/node_modules/lightningcss-android-arm64
112 silly reify mark deleted [
112 silly reify   '/Users/techieconso/restaurant-inventory/node_modules/lightningcss-android-arm64'
112 silly reify ]
113 verbose reify failed optional dependency /Users/techieconso/restaurant-inventory/node_modules/@unrs/resolver-binding-win32-x64-msvc
114 silly reify mark deleted [
114 silly reify   '/Users/techieconso/restaurant-inventory/node_modules/@unrs/resolver-binding-win32-x64-msvc'
114 silly reify ]
115 verbose reify failed optional dependency /Users/techieconso/restaurant-inventory/node_modules/@unrs/resolver-binding-win32-ia32-msvc
116 silly reify mark deleted [
116 silly reify   '/Users/techieconso/restaurant-inventory/node_modules/@unrs/resolver-binding-win32-ia32-msvc'
116 silly reify ]
117 verbose reify failed optional dependency /Users/techieconso/restaurant-inventory/node_modules/@unrs/resolver-binding-win32-arm64-msvc
118 silly reify mark deleted [
118 silly reify   '/Users/techieconso/restaurant-inventory/node_modules/@unrs/resolver-binding-win32-arm64-msvc'
118 silly reify ]
119 verbose reify failed optional dependency /Users/techieconso/restaurant-inventory/node_modules/@unrs/resolver-binding-wasm32-wasi
120 silly reify mark deleted [
120 silly reify   '/Users/techieconso/restaurant-inventory/node_modules/@unrs/resolver-binding-wasm32-wasi'
120 silly reify ]
121 verbose reify failed optional dependency /Users/techieconso/restaurant-inventory/node_modules/@unrs/resolver-binding-linux-x64-musl
122 silly reify mark deleted [
122 silly reify   '/Users/techieconso/restaurant-inventory/node_modules/@unrs/resolver-binding-linux-x64-musl'
122 silly reify ]
123 verbose reify failed optional dependency /Users/techieconso/restaurant-inventory/node_modules/@unrs/resolver-binding-linux-x64-gnu
124 silly reify mark deleted [
124 silly reify   '/Users/techieconso/restaurant-inventory/node_modules/@unrs/resolver-binding-linux-x64-gnu'
124 silly reify ]
125 verbose reify failed optional dependency /Users/techieconso/restaurant-inventory/node_modules/@unrs/resolver-binding-linux-s390x-gnu
126 silly reify mark deleted [
126 silly reify   '/Users/techieconso/restaurant-inventory/node_modules/@unrs/resolver-binding-linux-s390x-gnu'
126 silly reify ]
127 verbose reify failed optional dependency /Users/techieconso/restaurant-inventory/node_modules/@unrs/resolver-binding-linux-riscv64-musl
128 silly reify mark deleted [
128 silly reify   '/Users/techieconso/restaurant-inventory/node_modules/@unrs/resolver-binding-linux-riscv64-musl'
128 silly reify ]
129 verbose reify failed optional dependency /Users/techieconso/restaurant-inventory/node_modules/@unrs/resolver-binding-linux-riscv64-gnu
130 silly reify mark deleted [
130 silly reify   '/Users/techieconso/restaurant-inventory/node_modules/@unrs/resolver-binding-linux-riscv64-gnu'
130 silly reify ]
131 verbose reify failed optional dependency /Users/techieconso/restaurant-inventory/node_modules/@unrs/resolver-binding-linux-ppc64-gnu
132 silly reify mark deleted [
132 silly reify   '/Users/techieconso/restaurant-inventory/node_modules/@unrs/resolver-binding-linux-ppc64-gnu'
132 silly reify ]
133 verbose reify failed optional dependency /Users/techieconso/restaurant-inventory/node_modules/@unrs/resolver-binding-linux-arm64-musl
134 silly reify mark deleted [
134 silly reify   '/Users/techieconso/restaurant-inventory/node_modules/@unrs/resolver-binding-linux-arm64-musl'
134 silly reify ]
135 verbose reify failed optional dependency /Users/techieconso/restaurant-inventory/node_modules/@unrs/resolver-binding-linux-arm64-gnu
136 silly reify mark deleted [
136 silly reify   '/Users/techieconso/restaurant-inventory/node_modules/@unrs/resolver-binding-linux-arm64-gnu'
136 silly reify ]
137 verbose reify failed optional dependency /Users/techieconso/restaurant-inventory/node_modules/@unrs/resolver-binding-linux-arm-musleabihf
138 silly reify mark deleted [
138 silly reify   '/Users/techieconso/restaurant-inventory/node_modules/@unrs/resolver-binding-linux-arm-musleabihf'
138 silly reify ]
139 verbose reify failed optional dependency /Users/techieconso/restaurant-inventory/node_modules/@unrs/resolver-binding-linux-arm-gnueabihf
140 silly reify mark deleted [
140 silly reify   '/Users/techieconso/restaurant-inventory/node_modules/@unrs/resolver-binding-linux-arm-gnueabihf'
140 silly reify ]
141 verbose reify failed optional dependency /Users/techieconso/restaurant-inventory/node_modules/@unrs/resolver-binding-freebsd-x64
142 silly reify mark deleted [
142 silly reify   '/Users/techieconso/restaurant-inventory/node_modules/@unrs/resolver-binding-freebsd-x64'
142 silly reify ]
143 verbose reify failed optional dependency /Users/techieconso/restaurant-inventory/node_modules/@unrs/resolver-binding-darwin-x64
144 silly reify mark deleted [
144 silly reify   '/Users/techieconso/restaurant-inventory/node_modules/@unrs/resolver-binding-darwin-x64'
144 silly reify ]
145 verbose reify failed optional dependency /Users/techieconso/restaurant-inventory/node_modules/@unrs/resolver-binding-android-arm64
146 silly reify mark deleted [
146 silly reify   '/Users/techieconso/restaurant-inventory/node_modules/@unrs/resolver-binding-android-arm64'
146 silly reify ]
147 verbose reify failed optional dependency /Users/techieconso/restaurant-inventory/node_modules/@unrs/resolver-binding-android-arm-eabi
148 silly reify mark deleted [
148 silly reify   '/Users/techieconso/restaurant-inventory/node_modules/@unrs/resolver-binding-android-arm-eabi'
148 silly reify ]
149 verbose reify failed optional dependency /Users/techieconso/restaurant-inventory/node_modules/@tailwindcss/oxide-win32-x64-msvc
150 silly reify mark deleted [
150 silly reify   '/Users/techieconso/restaurant-inventory/node_modules/@tailwindcss/oxide-win32-x64-msvc'
150 silly reify ]
151 verbose reify failed optional dependency /Users/techieconso/restaurant-inventory/node_modules/@tailwindcss/oxide-win32-arm64-msvc
152 silly reify mark deleted [
152 silly reify   '/Users/techieconso/restaurant-inventory/node_modules/@tailwindcss/oxide-win32-arm64-msvc'
152 silly reify ]
153 verbose reify failed optional dependency /Users/techieconso/restaurant-inventory/node_modules/@tailwindcss/oxide-linux-x64-musl
154 silly reify mark deleted [
154 silly reify   '/Users/techieconso/restaurant-inventory/node_modules/@tailwindcss/oxide-linux-x64-musl'
154 silly reify ]
155 verbose reify failed optional dependency /Users/techieconso/restaurant-inventory/node_modules/@tailwindcss/oxide-linux-x64-gnu
156 silly reify mark deleted [
156 silly reify   '/Users/techieconso/restaurant-inventory/node_modules/@tailwindcss/oxide-linux-x64-gnu'
156 silly reify ]
157 verbose reify failed optional dependency /Users/techieconso/restaurant-inventory/node_modules/@tailwindcss/oxide-linux-arm64-musl
158 silly reify mark deleted [
158 silly reify   '/Users/techieconso/restaurant-inventory/node_modules/@tailwindcss/oxide-linux-arm64-musl'
158 silly reify ]
159 verbose reify failed optional dependency /Users/techieconso/restaurant-inventory/node_modules/@tailwindcss/oxide-linux-arm64-gnu
160 silly reify mark deleted [
160 silly reify   '/Users/techieconso/restaurant-inventory/node_modules/@tailwindcss/oxide-linux-arm64-gnu'
160 silly reify ]
161 verbose reify failed optional dependency /Users/techieconso/restaurant-inventory/node_modules/@tailwindcss/oxide-linux-arm-gnueabihf
162 silly reify mark deleted [
162 silly reify   '/Users/techieconso/restaurant-inventory/node_modules/@tailwindcss/oxide-linux-arm-gnueabihf'
162 silly reify ]
163 verbose reify failed optional dependency /Users/techieconso/restaurant-inventory/node_modules/@tailwindcss/oxide-freebsd-x64
164 silly reify mark deleted [
164 silly reify   '/Users/techieconso/restaurant-inventory/node_modules/@tailwindcss/oxide-freebsd-x64'
164 silly reify ]
165 verbose reify failed optional dependency /Users/techieconso/restaurant-inventory/node_modules/@tailwindcss/oxide-darwin-x64
166 silly reify mark deleted [
166 silly reify   '/Users/techieconso/restaurant-inventory/node_modules/@tailwindcss/oxide-darwin-x64'
166 silly reify ]
167 verbose reify failed optional dependency /Users/techieconso/restaurant-inventory/node_modules/@tailwindcss/oxide-android-arm64
168 silly reify mark deleted [
168 silly reify   '/Users/techieconso/restaurant-inventory/node_modules/@tailwindcss/oxide-android-arm64'
168 silly reify ]
169 verbose reify failed optional dependency /Users/techieconso/restaurant-inventory/node_modules/@next/swc-win32-x64-msvc
170 silly reify mark deleted [
170 silly reify   '/Users/techieconso/restaurant-inventory/node_modules/@next/swc-win32-x64-msvc'
170 silly reify ]
171 verbose reify failed optional dependency /Users/techieconso/restaurant-inventory/node_modules/@next/swc-win32-arm64-msvc
172 silly reify mark deleted [
172 silly reify   '/Users/techieconso/restaurant-inventory/node_modules/@next/swc-win32-arm64-msvc'
172 silly reify ]
173 verbose reify failed optional dependency /Users/techieconso/restaurant-inventory/node_modules/@next/swc-linux-x64-musl
174 silly reify mark deleted [
174 silly reify   '/Users/techieconso/restaurant-inventory/node_modules/@next/swc-linux-x64-musl'
174 silly reify ]
175 verbose reify failed optional dependency /Users/techieconso/restaurant-inventory/node_modules/@next/swc-linux-x64-gnu
176 silly reify mark deleted [
176 silly reify   '/Users/techieconso/restaurant-inventory/node_modules/@next/swc-linux-x64-gnu'
176 silly reify ]
177 verbose reify failed optional dependency /Users/techieconso/restaurant-inventory/node_modules/@next/swc-linux-arm64-musl
178 silly reify mark deleted [
178 silly reify   '/Users/techieconso/restaurant-inventory/node_modules/@next/swc-linux-arm64-musl'
178 silly reify ]
179 verbose reify failed optional dependency /Users/techieconso/restaurant-inventory/node_modules/@next/swc-linux-arm64-gnu
180 silly reify mark deleted [
180 silly reify   '/Users/techieconso/restaurant-inventory/node_modules/@next/swc-linux-arm64-gnu'
180 silly reify ]
181 verbose reify failed optional dependency /Users/techieconso/restaurant-inventory/node_modules/@next/swc-darwin-x64
182 silly reify mark deleted [
182 silly reify   '/Users/techieconso/restaurant-inventory/node_modules/@next/swc-darwin-x64'
182 silly reify ]
183 verbose reify failed optional dependency /Users/techieconso/restaurant-inventory/node_modules/@img/sharp-win32-x64
184 silly reify mark deleted [
184 silly reify   '/Users/techieconso/restaurant-inventory/node_modules/@img/sharp-win32-x64'
184 silly reify ]
185 verbose reify failed optional dependency /Users/techieconso/restaurant-inventory/node_modules/@img/sharp-win32-ia32
186 silly reify mark deleted [
186 silly reify   '/Users/techieconso/restaurant-inventory/node_modules/@img/sharp-win32-ia32'
186 silly reify ]
187 verbose reify failed optional dependency /Users/techieconso/restaurant-inventory/node_modules/@img/sharp-win32-arm64
188 silly reify mark deleted [
188 silly reify   '/Users/techieconso/restaurant-inventory/node_modules/@img/sharp-win32-arm64'
188 silly reify ]
189 verbose reify failed optional dependency /Users/techieconso/restaurant-inventory/node_modules/@img/sharp-wasm32
190 silly reify mark deleted [
190 silly reify   '/Users/techieconso/restaurant-inventory/node_modules/@img/sharp-wasm32'
190 silly reify ]
191 verbose reify failed optional dependency /Users/techieconso/restaurant-inventory/node_modules/@img/sharp-linuxmusl-x64
192 silly reify mark deleted [
192 silly reify   '/Users/techieconso/restaurant-inventory/node_modules/@img/sharp-linuxmusl-x64'
192 silly reify ]
193 verbose reify failed optional dependency /Users/techieconso/restaurant-inventory/node_modules/@img/sharp-linuxmusl-arm64
194 silly reify mark deleted [
194 silly reify   '/Users/techieconso/restaurant-inventory/node_modules/@img/sharp-linuxmusl-arm64'
194 silly reify ]
195 verbose reify failed optional dependency /Users/techieconso/restaurant-inventory/node_modules/@img/sharp-linux-x64
196 silly reify mark deleted [
196 silly reify   '/Users/techieconso/restaurant-inventory/node_modules/@img/sharp-linux-x64'
196 silly reify ]
197 verbose reify failed optional dependency /Users/techieconso/restaurant-inventory/node_modules/@img/sharp-linux-s390x
198 silly reify mark deleted [
198 silly reify   '/Users/techieconso/restaurant-inventory/node_modules/@img/sharp-linux-s390x'
198 silly reify ]
199 verbose reify failed optional dependency /Users/techieconso/restaurant-inventory/node_modules/@img/sharp-linux-riscv64
200 silly reify mark deleted [
200 silly reify   '/Users/techieconso/restaurant-inventory/node_modules/@img/sharp-linux-riscv64'
200 silly reify ]
201 verbose reify failed optional dependency /Users/techieconso/restaurant-inventory/node_modules/@img/sharp-linux-ppc64
202 silly reify mark deleted [
202 silly reify   '/Users/techieconso/restaurant-inventory/node_modules/@img/sharp-linux-ppc64'
202 silly reify ]
203 verbose reify failed optional dependency /Users/techieconso/restaurant-inventory/node_modules/@img/sharp-linux-arm64
204 silly reify mark deleted [
204 silly reify   '/Users/techieconso/restaurant-inventory/node_modules/@img/sharp-linux-arm64'
204 silly reify ]
205 verbose reify failed optional dependency /Users/techieconso/restaurant-inventory/node_modules/@img/sharp-linux-arm
206 silly reify mark deleted [
206 silly reify   '/Users/techieconso/restaurant-inventory/node_modules/@img/sharp-linux-arm'
206 silly reify ]
207 verbose reify failed optional dependency /Users/techieconso/restaurant-inventory/node_modules/@img/sharp-libvips-linuxmusl-x64
208 silly reify mark deleted [
208 silly reify   '/Users/techieconso/restaurant-inventory/node_modules/@img/sharp-libvips-linuxmusl-x64'
208 silly reify ]
209 verbose reify failed optional dependency /Users/techieconso/restaurant-inventory/node_modules/@img/sharp-libvips-linuxmusl-arm64
210 silly reify mark deleted [
210 silly reify   '/Users/techieconso/restaurant-inventory/node_modules/@img/sharp-libvips-linuxmusl-arm64'
210 silly reify ]
211 verbose reify failed optional dependency /Users/techieconso/restaurant-inventory/node_modules/@img/sharp-libvips-linux-x64
212 silly reify mark deleted [
212 silly reify   '/Users/techieconso/restaurant-inventory/node_modules/@img/sharp-libvips-linux-x64'
212 silly reify ]
213 verbose reify failed optional dependency /Users/techieconso/restaurant-inventory/node_modules/@img/sharp-libvips-linux-s390x
214 silly reify mark deleted [
214 silly reify   '/Users/techieconso/restaurant-inventory/node_modules/@img/sharp-libvips-linux-s390x'
214 silly reify ]
215 verbose reify failed optional dependency /Users/techieconso/restaurant-inventory/node_modules/@img/sharp-libvips-linux-riscv64
216 silly reify mark deleted [
216 silly reify   '/Users/techieconso/restaurant-inventory/node_modules/@img/sharp-libvips-linux-riscv64'
216 silly reify ]
217 verbose reify failed optional dependency /Users/techieconso/restaurant-inventory/node_modules/@img/sharp-libvips-linux-ppc64
218 silly reify mark deleted [
218 silly reify   '/Users/techieconso/restaurant-inventory/node_modules/@img/sharp-libvips-linux-ppc64'
218 silly reify ]
219 verbose reify failed optional dependency /Users/techieconso/restaurant-inventory/node_modules/@img/sharp-libvips-linux-arm64
220 silly reify mark deleted [
220 silly reify   '/Users/techieconso/restaurant-inventory/node_modules/@img/sharp-libvips-linux-arm64'
220 silly reify ]
221 verbose reify failed optional dependency /Users/techieconso/restaurant-inventory/node_modules/@img/sharp-libvips-linux-arm
222 silly reify mark deleted [
222 silly reify   '/Users/techieconso/restaurant-inventory/node_modules/@img/sharp-libvips-linux-arm'
222 silly reify ]
223 verbose reify failed optional dependency /Users/techieconso/restaurant-inventory/node_modules/@img/sharp-libvips-darwin-x64
224 silly reify mark deleted [
224 silly reify   '/Users/techieconso/restaurant-inventory/node_modules/@img/sharp-libvips-darwin-x64'
224 silly reify ]
225 verbose reify failed optional dependency /Users/techieconso/restaurant-inventory/node_modules/@img/sharp-darwin-x64
226 silly reify mark deleted [
226 silly reify   '/Users/techieconso/restaurant-inventory/node_modules/@img/sharp-darwin-x64'
226 silly reify ]
227 http cache popper.js@https://registry.npmjs.org/popper.js/-/popper.js-1.16.1.tgz 0ms (cache hit)
228 http cache tree-changes@https://registry.npmjs.org/tree-changes/-/tree-changes-0.11.3.tgz 0ms (cache hit)
229 http cache type-fest@https://registry.npmjs.org/type-fest/-/type-fest-4.41.0.tgz 0ms (cache hit)
230 http cache scroll@https://registry.npmjs.org/scroll/-/scroll-3.0.1.tgz 0ms (cache hit)
231 http cache scrollparent@https://registry.npmjs.org/scrollparent/-/scrollparent-2.1.0.tgz 0ms (cache hit)
232 http cache react-innertext@https://registry.npmjs.org/react-innertext/-/react-innertext-1.1.5.tgz 0ms (cache hit)
233 http cache react-floater@https://registry.npmjs.org/react-floater/-/react-floater-0.7.9.tgz 0ms (cache hit)
234 http cache is-lite@https://registry.npmjs.org/is-lite/-/is-lite-1.2.1.tgz 0ms (cache hit)
235 http cache deepmerge@https://registry.npmjs.org/deepmerge/-/deepmerge-4.3.1.tgz 0ms (cache hit)
236 http cache @gilbarbara/deep-equal@https://registry.npmjs.org/@gilbarbara/deep-equal/-/deep-equal-0.3.1.tgz 0ms (cache hit)
237 http cache deep-diff@https://registry.npmjs.org/deep-diff/-/deep-diff-1.0.2.tgz 0ms (cache hit)
238 http cache react-joyride@https://registry.npmjs.org/react-joyride/-/react-joyride-2.9.3.tgz 0ms (cache hit)
239 http cache tree-changes@https://registry.npmjs.org/tree-changes/-/tree-changes-0.9.3.tgz 0ms (cache hit)
240 http cache @gilbarbara/deep-equal@https://registry.npmjs.org/@gilbarbara/deep-equal/-/deep-equal-0.1.2.tgz 0ms (cache hit)
241 http cache is-lite@https://registry.npmjs.org/is-lite/-/is-lite-0.8.2.tgz 0ms (cache hit)
242 silly tarball no local data for popper.js@https://registry.npmjs.org/popper.js/-/popper.js-1.16.1.tgz. Extracting by manifest.
243 silly tarball no local data for tree-changes@https://registry.npmjs.org/tree-changes/-/tree-changes-0.11.3.tgz. Extracting by manifest.
244 silly tarball no local data for type-fest@https://registry.npmjs.org/type-fest/-/type-fest-4.41.0.tgz. Extracting by manifest.
245 silly tarball no local data for scroll@https://registry.npmjs.org/scroll/-/scroll-3.0.1.tgz. Extracting by manifest.
246 silly tarball no local data for scrollparent@https://registry.npmjs.org/scrollparent/-/scrollparent-2.1.0.tgz. Extracting by manifest.
247 silly tarball no local data for react-innertext@https://registry.npmjs.org/react-innertext/-/react-innertext-1.1.5.tgz. Extracting by manifest.
248 silly tarball no local data for react-floater@https://registry.npmjs.org/react-floater/-/react-floater-0.7.9.tgz. Extracting by manifest.
249 silly tarball no local data for is-lite@https://registry.npmjs.org/is-lite/-/is-lite-1.2.1.tgz. Extracting by manifest.
250 silly tarball no local data for deepmerge@https://registry.npmjs.org/deepmerge/-/deepmerge-4.3.1.tgz. Extracting by manifest.
251 silly tarball no local data for @gilbarbara/deep-equal@https://registry.npmjs.org/@gilbarbara/deep-equal/-/deep-equal-0.3.1.tgz. Extracting by manifest.
252 silly tarball no local data for deep-diff@https://registry.npmjs.org/deep-diff/-/deep-diff-1.0.2.tgz. Extracting by manifest.
253 silly tarball no local data for react-joyride@https://registry.npmjs.org/react-joyride/-/react-joyride-2.9.3.tgz. Extracting by manifest.
254 silly tarball no local data for tree-changes@https://registry.npmjs.org/tree-changes/-/tree-changes-0.9.3.tgz. Extracting by manifest.
255 silly tarball no local data for @gilbarbara/deep-equal@https://registry.npmjs.org/@gilbarbara/deep-equal/-/deep-equal-0.1.2.tgz. Extracting by manifest.
256 silly tarball no local data for is-lite@https://registry.npmjs.org/is-lite/-/is-lite-0.8.2.tgz. Extracting by manifest.
257 http fetch GET 200 https://registry.npmjs.org/scroll/-/scroll-3.0.1.tgz 410ms (cache miss)
258 http fetch GET 200 https://registry.npmjs.org/scrollparent/-/scrollparent-2.1.0.tgz 434ms (cache miss)
259 http fetch GET 200 https://registry.npmjs.org/react-innertext/-/react-innertext-1.1.5.tgz 466ms (cache miss)
260 http fetch GET 200 https://registry.npmjs.org/tree-changes/-/tree-changes-0.11.3.tgz 844ms (cache miss)
261 http fetch GET 200 https://registry.npmjs.org/is-lite/-/is-lite-0.8.2.tgz 1185ms (cache miss)
262 http fetch GET 200 https://registry.npmjs.org/is-lite/-/is-lite-1.2.1.tgz 1244ms (cache miss)
263 http fetch GET 200 https://registry.npmjs.org/type-fest/-/type-fest-4.41.0.tgz 1383ms (cache miss)
264 http fetch GET 200 https://registry.npmjs.org/react-floater/-/react-floater-0.7.9.tgz 1389ms (cache miss)
265 http fetch POST 200 https://registry.npmjs.org/-/npm/v1/security/advisories/bulk 1645ms
266 silly audit report {
266 silly audit report   xlsx: [
266 silly audit report     {
266 silly audit report       id: 1108110,
266 silly audit report       url: 'https://github.com/advisories/GHSA-4r6h-8v6p-xvw6',
266 silly audit report       title: 'Prototype Pollution in sheetJS',
266 silly audit report       severity: 'high',
266 silly audit report       vulnerable_versions: '<0.19.3',
266 silly audit report       cwe: [Array],
266 silly audit report       cvss: [Object]
266 silly audit report     },
266 silly audit report     {
266 silly audit report       id: 1108111,
266 silly audit report       url: 'https://github.com/advisories/GHSA-5pgg-2g8v-p4x9',
266 silly audit report       title: 'SheetJS Regular Expression Denial of Service (ReDoS)',
266 silly audit report       severity: 'high',
266 silly audit report       vulnerable_versions: '<0.20.2',
266 silly audit report       cwe: [Array],
266 silly audit report       cvss: [Object]
266 silly audit report     }
266 silly audit report   ]
266 silly audit report }
267 silly packumentCache corgi:https://registry.npmjs.org/xlsx cache-miss
268 http fetch GET 200 https://registry.npmjs.org/deepmerge/-/deepmerge-4.3.1.tgz 2075ms (cache miss)
269 http fetch GET 200 https://registry.npmjs.org/xlsx 781ms (cache miss)
270 silly packumentCache corgi:https://registry.npmjs.org/xlsx set size:undefined disposed:false
271 http fetch GET 200 https://registry.npmjs.org/deep-diff/-/deep-diff-1.0.2.tgz 2435ms (cache miss)
272 http fetch GET 200 https://registry.npmjs.org/popper.js/-/popper.js-1.16.1.tgz 2461ms (cache miss)
273 warn deprecated popper.js@1.16.1: You can find the new Popper v2 at @popperjs/core, this package is dedicated to the legacy v1
274 http fetch GET 200 https://registry.npmjs.org/@gilbarbara/deep-equal/-/deep-equal-0.3.1.tgz 3307ms (cache miss)
275 http fetch GET 200 https://registry.npmjs.org/tree-changes/-/tree-changes-0.9.3.tgz 3307ms (cache miss)
276 http fetch GET 200 https://registry.npmjs.org/@gilbarbara/deep-equal/-/deep-equal-0.1.2.tgz 5031ms (cache miss)
277 http fetch GET 200 https://registry.npmjs.org/react-joyride/-/react-joyride-2.9.3.tgz 6696ms (cache miss)
278 silly ADD node_modules/popper.js
279 silly ADD node_modules/type-fest
280 silly ADD node_modules/tree-changes
281 silly ADD node_modules/scrollparent
282 silly ADD node_modules/scroll
283 silly ADD node_modules/react-innertext
284 silly ADD node_modules/react-floater
285 silly ADD node_modules/react-floater/node_modules/@gilbarbara/deep-equal
286 silly ADD node_modules/react-floater/node_modules/tree-changes
287 silly ADD node_modules/react-floater/node_modules/is-lite
288 silly ADD node_modules/is-lite
289 silly ADD node_modules/deepmerge
290 silly ADD node_modules/deep-diff
291 silly ADD node_modules/@gilbarbara/deep-equal
292 silly ADD node_modules/react-joyride
293 silly ADD
294 silly ADD
295 silly ADD
296 silly ADD
297 silly ADD
298 silly ADD
299 silly ADD
300 silly ADD
301 silly ADD
302 silly ADD
303 silly ADD
304 silly ADD
305 silly ADD
306 silly ADD
307 silly ADD
308 silly ADD
309 silly ADD
310 silly ADD
311 silly ADD
312 silly ADD
313 silly ADD
314 silly ADD
315 silly ADD
316 silly ADD
317 silly ADD
318 silly ADD
319 silly ADD
320 silly ADD
321 silly ADD
322 silly ADD
323 silly ADD
324 silly ADD
325 silly ADD
326 silly ADD
327 silly ADD
328 silly ADD
329 silly ADD
330 silly ADD
331 silly ADD
332 silly ADD
333 silly ADD
334 silly ADD
335 silly ADD
336 silly ADD
337 silly ADD
338 silly ADD
339 silly ADD
340 silly ADD
341 silly ADD
342 silly ADD
343 silly ADD
344 silly ADD
345 silly ADD
346 silly ADD
347 silly ADD
348 silly ADD
349 silly ADD
350 silly ADD
351 silly ADD
352 silly ADD
353 silly ADD
354 silly ADD
355 silly ADD
356 silly ADD
357 silly ADD
358 silly ADD
359 silly ADD
360 silly ADD
361 verbose cwd /Users/techieconso/restaurant-inventory
362 verbose os Darwin 25.1.0
363 verbose node v22.19.0
364 verbose npm  v10.9.3
365 verbose exit 0
366 info ok
